[26.05.2022][06:17.38]INFO:Module "live.py" loaded
[26.05.2022][06:17.38]ERROR:test
[26.05.2022][06:17.38]ERROR:Program started
[26.05.2022][06:18.08]INFO:Module "live.py" loaded
[26.05.2022][06:18.08]ERROR:test
[26.05.2022][06:18.08]INFO:Program started
[26.05.2022][06:18.08]INFO:Program ended without exception
[26.05.2022][06:29.09]INFO:Module "live.py" loaded
[26.05.2022][06:29.09]INFO:Program started
[26.05.2022][06:29.13]INFO:Loading Guess Game at index 1
[26.05.2022][06:29.13]INFO:Loading Memory Game at index 2
[26.05.2022][06:29.13]INFO:Loading Exchange Rate Roulete at index 3
[26.05.2022][06:29.13]INFO:(3) games loaded
[26.05.2022][06:29.13]INFO:Program ended.
[26.05.2022][06:32.13]INFO:Module "live.py" loaded
[26.05.2022][06:32.13]INFO:Program started
[26.05.2022][06:32.52]INFO:Module "live.py" loaded
[26.05.2022][06:32.52]INFO:Program started
[26.05.2022][06:32.58]INFO:Loading Guess Game at index 1
[26.05.2022][06:32.58]INFO:Loading Memory Game at index 2
[26.05.2022][06:32.58]INFO:Loading Exchange Rate Roulete at index 3
[26.05.2022][06:32.58]INFO:(3) games loaded
[26.05.2022][06:32.58]ERROR:Unable to run. No games exist
[26.05.2022][06:32.58]INFO:Program ended.
[26.05.2022][06:36.12]INFO:Module "live.py" loaded
[26.05.2022][06:36.12]INFO:Program started
[26.05.2022][06:36.16]INFO:Loading Guess Game at index 1
[26.05.2022][06:36.16]INFO:Loading Memory Game at index 2
[26.05.2022][06:36.16]INFO:Loading Exchange Rate Roulete at index 3
[26.05.2022][06:36.16]INFO:(3) games loaded
[26.05.2022][06:36.16]ERROR:Unable to run. No games exist
[26.05.2022][06:36.16]INFO:Program ended.
[26.05.2022][06:52.50]INFO:Program started
[26.05.2022][06:52.54]INFO:Loading Guess Game at index 1
[26.05.2022][06:52.54]INFO:Loading Memory Game at index 2
[26.05.2022][06:52.54]INFO:Loading Exchange Rate Roulete at index 3
[26.05.2022][06:52.54]INFO:(3) games loaded
[26.05.2022][06:52.54]ERROR:Unable to run. No games exist
[26.05.2022][06:52.54]INFO:Program ended.
[26.05.2022][06:54.54]INFO:Program started
[26.05.2022][06:54.56]INFO:Loading Guess Game at index 1
[26.05.2022][06:54.56]INFO:Loading Memory Game at index 2
[26.05.2022][06:54.56]INFO:Loading Exchange Rate Roulete at index 3
[26.05.2022][06:54.56]INFO:(3) games loaded
[26.05.2022][06:54.56]ERROR:Unable to run. No games exist
[26.05.2022][06:54.56]INFO:Program ended.
[26.05.2022][07:01.26]INFO:Program started
[26.05.2022][07:01.26]INFO:Program ended.
[26.05.2022][07:01.46]INFO:Program started
[26.05.2022][07:01.46]INFO:Program ended.
[26.05.2022][07:02.14]ERROR:Program started
[26.05.2022][07:02.14]INFO:Program ended.
[26.05.2022][07:03.29]INFO:Program started
[26.05.2022][07:03.33]INFO:Loading Guess Game at index 1
[26.05.2022][07:03.33]INFO:Loading Memory Game at index 2
[26.05.2022][07:03.33]INFO:Loading Exchange Rate Roulete at index 3
[26.05.2022][07:03.33]INFO:(3) games loaded
[26.05.2022][07:03.33]ERROR:Unable to run. No games exist
[26.05.2022][07:03.33]INFO:Program ended.
[26.05.2022][07:04.38]INFO:Program started
[26.05.2022][07:04.41]INFO:Loading Guess Game at index 1
[26.05.2022][07:04.41]INFO:Loading Memory Game at index 2
[26.05.2022][07:04.41]INFO:Loading Exchange Rate Roulete at index 3
[26.05.2022][07:04.41]INFO:(3) games loaded
[26.05.2022][07:04.41]ERROR:Unable to run. No games exist
[26.05.2022][07:04.41]INFO:Program ended.
2022-05-26 19:40:38,546 - root - ERROR - live : 63 - Unable to run. No games exist
